DEBUG main org.springframework.web.servlet.mvc.annotation.DefaultAnnotationHandlerMapping - Rejected bean name 'messageSource': no URL paths identified
DEBUG main org.springframework.web.servlet.mvc.annotation.DefaultAnnotationHandlerMapping - Rejected bean name 'applicationEventMulticaster': no URL paths identified
DEBUG main org.springframework.beans.factory.support.DefaultListableBeanFactory - Finished creating instance of bean 'org.springframework.web.servlet.mvc.annotation.DefaultAnnotationHandlerMapping#1'
DEBUG main org.springframework.beans.factory.support.DefaultListableBeanFactory - Creating shared instance of singleton bean 'org.springframework.web.servlet.mvc.annotation.AnnotationMethodHandlerAdapter#1'
DEBUG main org.springframework.beans.factory.support.DefaultListableBeanFactory - Creating instance of bean 'org.springframework.web.servlet.mvc.annotation.AnnotationMethodHandlerAdapter#1'
DEBUG main org.springframework.beans.factory.support.DefaultListableBeanFactory - Eagerly caching bean 'org.springframework.web.servlet.mvc.annotation.AnnotationMethodHandlerAdapter#1' to allow for resolving potential circular references
DEBUG main org.springframework.beans.factory.support.DefaultListableBeanFactory - Finished creating instance of bean 'org.springframework.web.servlet.mvc.annotation.AnnotationMethodHandlerAdapter#1'
DEBUG main org.springframework.beans.factory.support.DefaultListableBeanFactory - Returning cached instance of singleton bean 'jaxbMarshaller'
DEBUG main org.springframework.beans.factory.support.DefaultListableBeanFactory - Creating shared instance of singleton bean 'links'
DEBUG main org.springframework.beans.factory.support.DefaultListableBeanFactory - Creating instance of bean 'links'
DEBUG main org.springframework.beans.factory.support.DefaultListableBeanFactory - Returning cached instance of singleton bean 'jaxbMarshaller'
DEBUG main org.springframework.beans.factory.support.DefaultListableBeanFactory - Eagerly caching bean 'links' to allow for resolving potential circular references
DEBUG main org.springframework.beans.factory.support.DefaultListableBeanFactory - Finished creating instance of bean 'links'
DEBUG main org.springframework.beans.factory.support.DefaultListableBeanFactory - Creating shared instance of singleton bean 'org.springframework.web.servlet.view.ContentNegotiatingViewResolver#0'
DEBUG main org.springframework.beans.factory.support.DefaultListableBeanFactory - Creating instance of bean 'org.springframework.web.servlet.view.ContentNegotiatingViewResolver#0'
DEBUG main org.springframework.beans.factory.support.DefaultListableBeanFactory - Eagerly caching bean 'org.springframework.web.servlet.view.ContentNegotiatingViewResolver#0' to allow for resolving potential circular references
DEBUG main org.springframework.beans.factory.support.DefaultListableBeanFactory - Creating instance of bean 'org.springframework.web.servlet.view.BeanNameViewResolver#50ed02'
DEBUG main org.springframework.beans.factory.support.DefaultListableBeanFactory - Finished creating instance of bean 'org.springframework.web.servlet.view.BeanNameViewResolver#50ed02'
DEBUG main org.springframework.beans.factory.support.DefaultListableBeanFactory - Creating instance of bean 'viewResolver'
DEBUG main org.springframework.beans.factory.support.DefaultListableBeanFactory - Finished creating instance of bean 'viewResolver'
DEBUG main org.springframework.beans.factory.support.DefaultListableBeanFactory - Finished creating instance of bean 'org.springframework.web.servlet.view.ContentNegotiatingViewResolver#0'
DEBUG main org.springframework.web.context.support.XmlWebApplicationContext - Unable to locate LifecycleProcessor with name 'lifecycleProcessor': using default [org.springframework.context.support.DefaultLifecycleProcessor@e229be]
DEBUG main org.springframework.beans.factory.support.DefaultListableBeanFactory - Returning cached instance of singleton bean 'lifecycleProcessor'
DEBUG main org.springframework.web.servlet.DispatcherServlet - Unable to locate MultipartResolver with name 'multipartResolver': no multipart request handling provided
DEBUG main org.springframework.beans.factory.support.DefaultListableBeanFactory - Creating instance of bean 'org.springframework.web.servlet.i18n.AcceptHeaderLocaleResolver'
DEBUG main org.springframework.beans.factory.support.DefaultListableBeanFactory - Finished creating instance of bean 'org.springframework.web.servlet.i18n.AcceptHeaderLocaleResolver'
DEBUG main org.springframework.web.servlet.DispatcherServlet - Unable to locate LocaleResolver with name 'localeResolver': using default [org.springframework.web.servlet.i18n.AcceptHeaderLocaleResolver@1acdfc3]
DEBUG main org.springframework.beans.factory.support.DefaultListableBeanFactory - Creating instance of bean 'org.springframework.web.servlet.theme.FixedThemeResolver'
DEBUG main org.springframework.beans.factory.support.DefaultListableBeanFactory - Finished creating instance of bean 'org.springframework.web.servlet.theme.FixedThemeResolver'
DEBUG main org.springframework.web.servlet.DispatcherServlet - Unable to locate ThemeResolver with name 'themeResolver': using default [org.springframework.web.servlet.theme.FixedThemeResolver@14a388b]
DEBUG main org.springframework.beans.factory.support.DefaultListableBeanFactory - Returning cached instance of singleton bean 'org.springframework.web.servlet.config.viewControllerHandlerMapping'
DEBUG main org.springframework.beans.factory.support.DefaultListableBeanFactory - Returning cached instance of singleton bean 'org.springframework.web.servlet.mvc.annotation.DefaultAnnotationHandlerMapping#0'
DEBUG main org.springframework.beans.factory.support.DefaultListableBeanFactory - Returning cached instance of singleton bean 'org.springframework.web.servlet.mvc.annotation.DefaultAnnotationHandlerMapping#1'
DEBUG main org.springframework.beans.factory.support.DefaultListableBeanFactory - Returning cached instance of singleton bean 'org.springframework.web.servlet.config.viewControllerHandlerAdapter'
DEBUG main org.springframework.beans.factory.support.DefaultListableBeanFactory - Returning cached instance of singleton bean 'org.springframework.web.servlet.mvc.annotation.AnnotationMethodHandlerAdapter#0'
DEBUG main org.springframework.beans.factory.support.DefaultListableBeanFactory - Returning cached instance of singleton bean 'org.springframework.web.servlet.mvc.annotation.AnnotationMethodHandlerAdapter#1'
DEBUG main org.springframework.beans.factory.support.DefaultListableBeanFactory - Creating instance of bean 'org.springframework.web.servlet.mvc.annotation.AnnotationMethodHandlerExceptionResolver'
DEBUG main org.springframework.beans.factory.support.DefaultListableBeanFactory - Finished creating instance of bean 'org.springframework.web.servlet.mvc.annotation.AnnotationMethodHandlerExceptionResolver'
DEBUG main org.springframework.beans.factory.support.DefaultListableBeanFactory - Creating instance of bean 'org.springframework.web.servlet.mvc.annotation.ResponseStatusExceptionResolver'
DEBUG main org.springframework.beans.factory.support.DefaultListableBeanFactory - Finished creating instance of bean 'org.springframework.web.servlet.mvc.annotation.ResponseStatusExceptionResolver'
DEBUG main org.springframework.beans.factory.support.DefaultListableBeanFactory - Creating instance of bean 'org.springframework.web.servlet.mvc.support.DefaultHandlerExceptionResolver'
DEBUG main org.springframework.beans.factory.support.DefaultListableBeanFactory - Finished creating instance of bean 'org.springframework.web.servlet.mvc.support.DefaultHandlerExceptionResolver'
DEBUG main org.springframework.web.servlet.DispatcherServlet - No HandlerExceptionResolvers found in servlet 'integration': using default
DEBUG main org.springframework.beans.factory.support.DefaultListableBeanFactory - Creating instance of bean 'org.springframework.web.servlet.view.DefaultRequestToViewNameTranslator'
DEBUG main org.springframework.beans.factory.support.DefaultListableBeanFactory - Finished creating instance of bean 'org.springframework.web.servlet.view.DefaultRequestToViewNameTranslator'
DEBUG main org.springframework.web.servlet.DispatcherServlet - Unable to locate RequestToViewNameTranslator with name 'viewNameTranslator': using default [org.springframework.web.servlet.view.DefaultRequestToViewNameTranslator@1c624e2]
DEBUG main org.springframework.beans.factory.support.DefaultListableBeanFactory - Returning cached instance of singleton bean 'org.springframework.web.servlet.view.ContentNegotiatingViewResolver#0'
DEBUG main org.springframework.web.servlet.DispatcherServlet - Published WebApplicationContext of servlet 'integration' as ServletContext attribute with name [org.springframework.web.servlet.FrameworkServlet.CONTEXT.integration]
INFO main org.springframework.web.servlet.DispatcherServlet - FrameworkServlet 'integration': initialization completed in 996 ms
DEBUG main org.springframework.web.servlet.DispatcherServlet - Servlet 'integration' configured successfully
DEBUG btpool0-0 org.springframework.web.servlet.DispatcherServlet - DispatcherServlet with name 'integration' processing POST request for [/spring3-storage-unit/integration/link]
DEBUG btpool0-0 org.springframework.web.servlet.mvc.annotation.DefaultAnnotationHandlerMapping - Mapping [/integration/link] to handler 'org.linkstorage.controller.LinkController@760838'
DEBUG btpool0-0 org.springframework.web.bind.annotation.support.HandlerMethodInvoker - Reading [java.lang.String] as "application/xml" using [org.springframework.http.converter.StringHttpMessageConverter@13cc05f]
DEBUG btpool0-0 org.springframework.web.bind.annotation.support.HandlerMethodInvoker - Invoking request handler method: public org.springframework.web.servlet.ModelAndView org.linkstorage.controller.LinkController.addLink(java.lang.String)
DEBUG btpool0-0 org.springframework.transaction.annotation.AnnotationTransactionAttributeSource - Adding transactional method 'addLink' with attribute: PROPAGATION_REQUIRED,ISOLATION_DEFAULT; ''
DEBUG btpool0-0 org.springframework.beans.factory.support.DefaultListableBeanFactory - Returning cached instance of singleton bean 'transactionManager'
DEBUG btpool0-0 org.springframework.orm.hibernate3.HibernateTransactionManager - Creating new transaction with name [org.linkstorage.repository.HibernateLinkBase.addLink]: PROPAGATION_REQUIRED,ISOLATION_DEFAULT; ''
DEBUG btpool0-0 org.hibernate.impl.SessionImpl - opened session at timestamp: 12856644470
DEBUG btpool0-0 org.springframework.orm.hibernate3.HibernateTransactionManager - Opened new Session [org.hibernate.impl.SessionImpl@cbb7db] for Hibernate transaction
DEBUG btpool0-0 org.springframework.orm.hibernate3.HibernateTransactionManager - Preparing JDBC Connection of Hibernate Session [org.hibernate.impl.SessionImpl@cbb7db]
DEBUG btpool0-0 org.hibernate.transaction.JDBCTransaction - begin
DEBUG btpool0-0 org.hibernate.jdbc.ConnectionManager - opening JDBC connection
DEBUG btpool0-0 org.hibernate.transaction.JDBCTransaction - current autocommit status: true
DEBUG btpool0-0 org.hibernate.transaction.JDBCTransaction - disabling autocommit
DEBUG btpool0-0 org.springframework.orm.hibernate3.HibernateTransactionManager - Exposing Hibernate transaction as JDBC transaction [jdbc:mysql://localhost:3306/spring3_linkstorage_unit, UserName=root@localhost, MySQL-AB JDBC Driver]
DEBUG btpool0-0 org.hibernate.event.def.AbstractSaveEventListener - executing identity-insert immediately
DEBUG btpool0-0 org.hibernate.jdbc.AbstractBatcher - about to open PreparedStatement (open PreparedStatements: 0, globally: 0)
DEBUG btpool0-0 org.hibernate.SQL - insert into spring3_linkstorage_unit.links (author_id, url, meta_description, updated_at, created_at) values (?, ?, ?, ?, ?)
DEBUG btpool0-0 org.hibernate.id.IdentifierGeneratorFactory - Natively generated identity: 7
DEBUG btpool0-0 org.hibernate.jdbc.AbstractBatcher - about to close PreparedStatement (open PreparedStatements: 1, globally: 1)
DEBUG btpool0-0 org.springframework.orm.hibernate3.HibernateTransactionManager - Initiating transaction commit
DEBUG btpool0-0 org.springframework.orm.hibernate3.HibernateTransactionManager - Committing Hibernate transaction on Session [org.hibernate.impl.SessionImpl@cbb7db]
DEBUG btpool0-0 org.hibernate.transaction.JDBCTransaction - commit
DEBUG btpool0-0 org.hibernate.event.def.AbstractFlushingEventListener - processing flush-time cascades
DEBUG btpool0-0 org.hibernate.event.def.AbstractFlushingEventListener - dirty checking collections
DEBUG btpool0-0 org.hibernate.event.def.AbstractFlushingEventListener - Flushed: 0 insertions, 0 updates, 0 deletions to 1 objects
DEBUG btpool0-0 org.hibernate.event.def.AbstractFlushingEventListener - Flushed: 0 (re)creations, 0 updates, 0 removals to 0 collections
DEBUG btpool0-0 org.hibernate.pretty.Printer - listing entities:
DEBUG btpool0-0 org.hibernate.pretty.Printer - org.linkstorage.model.Link{updatedAt=1970-01-15 15:34:26, id=7, author=null, createdAt=1970-01-15 15:34:26, metaDescription=Meta description, url=http://dir.bg}
DEBUG btpool0-0 org.hibernate.transaction.JDBCTransaction - re-enabling autocommit
DEBUG btpool0-0 org.hibernate.transaction.JDBCTransaction - committed JDBC Connection
DEBUG btpool0-0 org.hibernate.jdbc.ConnectionManager - transaction completed on session with on_close connection release mode; be sure to close the session to release JDBC resources!
DEBUG btpool0-0 org.springframework.orm.hibernate3.HibernateTransactionManager - Closing Hibernate Session [org.hibernate.impl.SessionImpl@cbb7db] after transaction
DEBUG btpool0-0 org.springframework.orm.hibernate3.SessionFactoryUtils - Closing Hibernate Session
DEBUG btpool0-0 org.hibernate.jdbc.ConnectionManager - releasing JDBC connection [ (open PreparedStatements: 0, globally: 0) (open ResultSets: 0, globally: 0)]
DEBUG btpool0-0 org.hibernate.jdbc.ConnectionManager - transaction completed on session with on_close connection release mode; be sure to close the session to release JDBC resources!
DEBUG btpool0-0 org.springframework.web.servlet.view.ContentNegotiatingViewResolver - Requested media types are [*/*] (based on Accept header)
DEBUG btpool0-0 org.springframework.beans.factory.support.DefaultListableBeanFactory - Returning cached instance of singleton bean 'links'
DEBUG btpool0-0 org.springframework.beans.factory.support.DefaultListableBeanFactory - Invoking afterPropertiesSet() on bean with name 'links'
DEBUG btpool0-0 org.springframework.web.servlet.view.ContentNegotiatingViewResolver - Returning [org.springframework.web.servlet.view.xml.MarshallingView: name 'links'] based on requested media type '*/*'
DEBUG btpool0-0 org.springframework.web.servlet.DispatcherServlet - Rendering view [org.springframework.web.servlet.view.xml.MarshallingView: name 'links'] in DispatcherServlet with name 'integration'
DEBUG btpool0-0 org.springframework.web.servlet.DispatcherServlet - Successfully completed request
INFO Shutdown org.springframework.web.context.support.XmlWebApplicationContext - Closing WebApplicationContext for namespace 'integration-servlet': startup date [Tue Sep 28 12:00:44 EEST 2010]; parent: Root WebApplicationContext
DEBUG Shutdown org.springframework.beans.factory.support.DefaultListableBeanFactory - Returning cached instance of singleton bean 'lifecycleProcessor'
INFO Shutdown org.springframework.beans.factory.support.DefaultListableBeanFactory - Destroying singletons in org.springframework.beans.factory.support.DefaultListableBeanFactory@f82fe7: defining beans [linkController,org.springframework.context.annotation.internalConfigurationAnnotationProcessor,org.springframework.context.annotation.internalAutowiredAnnotationProcessor,org.springframework.context.annotation.internalRequiredAnnotationProcessor,org.springframework.context.annotation.internalCommonAnnotationProcessor,org.springframework.context.annotation.internalPersistenceAnnotationProcessor,org.springframework.web.servlet.config.viewControllerHandlerAdapter,org.springframework.web.servlet.config.viewControllerHandlerMapping,org.springframework.web.servlet.mvc.annotation.DefaultAnnotationHandlerMapping#0,org.springframework.format.support.FormattingConversionServiceFactoryBean#0,org.springframework.validation.beanvalidation.LocalValidatorFactoryBean#0,org.springframework.web.servlet.mvc.annotation.AnnotationMethodHandlerAdapter#0,org.springframework.web.servlet.handler.MappedInterceptor#0,org.springframework.web.servlet.mvc.annotation.DefaultAnnotationHandlerMapping#1,org.springframework.web.servlet.mvc.annotation.AnnotationMethodHandlerAdapter#1,jaxbMarshaller,links,org.springframework.web.servlet.view.ContentNegotiatingViewResolver#0]; parent: org.springframework.beans.factory.support.DefaultListableBeanFactory@154024
DEBUG Shutdown org.springframework.beans.factory.support.DefaultListableBeanFactory - Retrieved dependent beans for bean 'org.springframework.web.servlet.view.BeanNameViewResolver#50ed02': [org.springframework.web.servlet.view.ContentNegotiatingViewResolver#0]
DEBUG Shutdown org.springframework.beans.factory.support.DefaultListableBeanFactory - Retrieved dependent beans for bean '(inner bean)#2': [org.springframework.web.servlet.mvc.annotation.AnnotationMethodHandlerAdapter#0]
DEBUG Shutdown org.springframework.beans.factory.support.DefaultListableBeanFactory - Retrieved dependent beans for bean '(inner bean)': [org.springframework.web.servlet.config.viewControllerHandlerMapping]
DEBUG Shutdown org.springframework.beans.factory.support.DefaultListableBeanFactory - Retrieved dependent beans for bean '(inner bean)#1': [org.springframework.web.servlet.handler.MappedInterceptor#0]
INFO Shutdown org.springframework.web.context.support.XmlWebApplicationContext - Closing Root WebApplicationContext: startup date [Tue Sep 28 12:00:42 EEST 2010]; root of context hierarchy
DEBUG Shutdown org.springframework.beans.factory.support.DefaultListableBeanFactory - Returning cached instance of singleton bean 'lifecycleProcessor'
INFO Shutdown org.springframework.beans.factory.support.DefaultListableBeanFactory - Destroying singletons in org.springframework.beans.factory.support.DefaultListableBeanFactory@154024: defining beans [loggingAspect,org.springframework.context.annotation.internalConfigurationAnnotationProcessor,org.springframework.context.annotation.internalAutowiredAnnotationProcessor,org.springframework.context.annotation.internalRequiredAnnotationProcessor,org.springframework.context.annotation.internalCommonAnnotationProcessor,org.springframework.context.annotation.internalPersistenceAnnotationProcessor,org.springframework.aop.config.internalAutoProxyCreator,org.springframework.transaction.config.internalTransactionAspect,sessionFactory,org.springframework.beans.factory.config.PropertyPlaceholderConfigurer#0,dataSource,transactionManager,repository.links]; root of factory hierarchy
DEBUG Shutdown org.springframework.beans.factory.support.DisposableBeanAdapter - Invoking destroy() on bean with name 'sessionFactory'
INFO Shutdown org.springframework.orm.hibernate3.LocalSessionFactoryBean - Closing Hibernate SessionFactory
INFO Shutdown org.hibernate.impl.SessionFactoryImpl - closing
