-outxml
-source
1.6
-target
1.6
-classpath
/home/georgi/.m2/repository/antlr/antlr/2.7.7/antlr-2.7.7.jar:/home/georgi/.m2/repository/aopalliance/aopalliance/1.0/aopalliance-1.0.jar:/home/georgi/.m2/repository/com/sun/xml/bind/jaxb-impl/2.1.3/jaxb-impl-2.1.3.jar:/home/georgi/.m2/repository/commons-collections/commons-collections/3.1/commons-collections-3.1.jar:/home/georgi/.m2/repository/commons-dbcp/commons-dbcp/1.2.2/commons-dbcp-1.2.2.jar:/home/georgi/.m2/repository/commons-logging/commons-logging/1.1/commons-logging-1.1.jar:/home/georgi/.m2/repository/commons-pool/commons-pool/1.3/commons-pool-1.3.jar:/home/georgi/.m2/repository/dom4j/dom4j/1.6.1/dom4j-1.6.1.jar:/home/georgi/.m2/repository/javassist/javassist/3.8.0.GA/javassist-3.8.0.GA.jar:/home/georgi/.m2/repository/javax/activation/activation/1.1/activation-1.1.jar:/home/georgi/.m2/repository/javax/persistence/com.springsource.javax.persistence/1.0.0/com.springsource.javax.persistence-1.0.0.jar:/home/georgi/.m2/repository/javax/servlet/jstl/1.1.2/jstl-1.1.2.jar:/home/georgi/.m2/repository/javax/servlet/servlet-api/2.5/servlet-api-2.5.jar:/home/georgi/.m2/repository/javax/servlet/jsp/jsp-api/2.1/jsp-api-2.1.jar:/home/georgi/.m2/repository/javax/transaction/com.springsource.javax.transaction/1.1.0/com.springsource.javax.transaction-1.1.0.jar:/home/georgi/.m2/repository/javax/transaction/jta/1.1/jta-1.1.jar:/home/georgi/.m2/repository/javax/validation/validation-api/1.0.0.GA/validation-api-1.0.0.GA.jar:/home/georgi/.m2/repository/javax/xml/bind/jaxb-api/2.1/jaxb-api-2.1.jar:/home/georgi/.m2/repository/javax/xml/stream/stax-api/1.0-2/stax-api-1.0-2.jar:/home/georgi/.m2/repository/log4j/log4j/1.2.15/log4j-1.2.15.jar:/home/georgi/.m2/repository/mysql/mysql-connector-java/5.1.12/mysql-connector-java-5.1.12.jar:/home/georgi/.m2/repository/org/aspectj/com.springsource.org.aspectj.runtime/1.6.6.RELEASE/com.springsource.org.aspectj.runtime-1.6.6.RELEASE.jar:/home/georgi/.m2/repository/org/easymock/easymock/2.5.2/easymock-2.5.2.jar:/home/georgi/.m2/repository/org/hibernate/com.springsource.org.hibernate/3.3.2.GA/com.springsource.org.hibernate-3.3.2.GA.jar:/home/georgi/.m2/repository/org/hibernate/com.springsource.org.hibernate.annotations/3.4.0.GA/com.springsource.org.hibernate.annotations-3.4.0.GA.jar:/home/georgi/.m2/repository/org/hibernate/hibernate-validator/4.0.2.GA/hibernate-validator-4.0.2.GA.jar:/home/georgi/.m2/repository/org/slf4j/slf4j-api/1.5.6/slf4j-api-1.5.6.jar:/home/georgi/.m2/repository/org/slf4j/slf4j-log4j12/1.5.2/slf4j-log4j12-1.5.2.jar:/home/georgi/.m2/repository/org/springframework/spring-aop/3.0.2.RELEASE/spring-aop-3.0.2.RELEASE.jar:/home/georgi/.m2/repository/org/springframework/spring-asm/3.0.2.RELEASE/spring-asm-3.0.2.RELEASE.jar:/home/georgi/.m2/repository/org/springframework/spring-aspects/3.0.2.RELEASE/spring-aspects-3.0.2.RELEASE.jar:/home/georgi/.m2/repository/org/springframework/spring-beans/3.0.2.RELEASE/spring-beans-3.0.2.RELEASE.jar:/home/georgi/.m2/repository/org/springframework/spring-context/3.0.2.RELEASE/spring-context-3.0.2.RELEASE.jar:/home/georgi/.m2/repository/org/springframework/spring-context-support/3.0.2.RELEASE/spring-context-support-3.0.2.RELEASE.jar:/home/georgi/.m2/repository/org/springframework/spring-core/3.0.2.RELEASE/spring-core-3.0.2.RELEASE.jar:/home/georgi/.m2/repository/org/springframework/spring-expression/3.0.2.RELEASE/spring-expression-3.0.2.RELEASE.jar:/home/georgi/.m2/repository/org/springframework/spring-jdbc/3.0.2.RELEASE/spring-jdbc-3.0.2.RELEASE.jar:/home/georgi/.m2/repository/org/springframework/spring-orm/3.0.2.RELEASE/spring-orm-3.0.2.RELEASE.jar:/home/georgi/.m2/repository/org/springframework/spring-oxm/3.0.2.RELEASE/spring-oxm-3.0.2.RELEASE.jar:/home/georgi/.m2/repository/org/springframework/spring-test/3.0.2.RELEASE/spring-test-3.0.2.RELEASE.jar:/home/georgi/.m2/repository/org/springframework/spring-tx/3.0.2.RELEASE/spring-tx-3.0.2.RELEASE.jar:/home/georgi/.m2/repository/org/springframework/spring-web/3.0.2.RELEASE/spring-web-3.0.2.RELEASE.jar:/home/georgi/.m2/repository/org/springframework/spring-webmvc/3.0.2.RELEASE/spring-webmvc-3.0.2.RELEASE.jar:/home/georgi/.m2/repository/org/testng/testng/5.12.1/testng-5.12.1.jar:/home/georgi/.m2/repository/taglibs/standard/1.1.2/standard-1.1.2.jar:/home/georgi/.m2/repository/xml-apis/xml-apis/1.0.b2/xml-apis-1.0.b2.jar:/home/georgi/dev/project/org/local/java/storageunit/src/spring3-storage-unit/target/classes
-aspectpath
/home/georgi/.m2/repository/org/springframework/spring-aspects/3.0.2.RELEASE/spring-aspects-3.0.2.RELEASE.jar
-d
/home/georgi/dev/project/org/local/java/storageunit/src/spring3-storage-unit/target/classes
/home/georgi/dev/project/org/local/java/storageunit/src/spring3-storage-unit/src/main/java/org/linkstorage/repository/HibernateAuthorBase.java
/home/georgi/dev/project/org/local/java/storageunit/src/spring3-storage-unit/src/main/java/org/linkstorage/App.java
/home/georgi/dev/project/org/local/java/storageunit/src/spring3-storage-unit/src/main/java/org/linkstorage/repository/LinkBase.java
/home/georgi/dev/project/org/local/java/storageunit/src/spring3-storage-unit/src/main/java/org/linkstorage/controller/LinkController.java
/home/georgi/dev/project/org/local/java/storageunit/src/spring3-storage-unit/src/main/java/org/linkstorage/model/Author.java
/home/georgi/dev/project/org/local/java/storageunit/src/spring3-storage-unit/src/main/java/org/linkstorage/aspects/LoggingAspect.java
/home/georgi/dev/project/org/local/java/storageunit/src/spring3-storage-unit/src/main/java/org/linkstorage/HibernateUtils.java
/home/georgi/dev/project/org/local/java/storageunit/src/spring3-storage-unit/src/main/java/org/linkstorage/model/Link.java
/home/georgi/dev/project/org/local/java/storageunit/src/spring3-storage-unit/src/main/java/org/linkstorage/repository/HibernateLinkBase.java
/home/georgi/dev/project/org/local/java/storageunit/src/spring3-storage-unit/src/main/java/org/linkstorage/repository/AuthorBase.java
